<?xml version="1.0" encoding="UTF-8"?>
<!-- Generated by org.testng.reporters.JUnitReportReporter -->
<testsuite hostname="Martin" failures="0" tests="1" name="com.java.project.test.LoginTest" time="9.208" errors="0" timestamp="2024-10-21T20:19:59 CST" skipped="0">
  <testcase classname="com.java.project.test.LoginTest" name="TestRun" time="9.208"/>
</testsuite> <!-- com.java.project.test.LoginTest -->
